<?xml version="1.0" encoding="UTF-8"?>
<testng-results skipped="0" failed="0" ignored="0" total="0" passed="0">
  <reporter-output>
  </reporter-output>
  <suite name="Surefire suite" duration-ms="19" started-at="2021-04-26T16:25:45 EDT" finished-at="2021-04-26T16:25:45 EDT">
    <groups>
    </groups>
    <test name="Surefire test" duration-ms="19" started-at="2021-04-26T16:25:45 EDT" finished-at="2021-04-26T16:25:45 EDT">
    </test> <!-- Surefire test -->
  </suite> <!-- Surefire suite -->
</testng-results>
